\BOOKMARK [1][-]{section.1}{Photons}{}% 1
\BOOKMARK [2][-]{subsection.1.1}{Scattering, Thompsom and Comton}{section.1}% 2
\BOOKMARK [2][-]{subsection.1.2}{Photo-electric effect}{section.1}% 3
<<<<<<< HEAD
\BOOKMARK [1][-]{section.2}{Charged Particles}{}% 4
\BOOKMARK [2][-]{subsection.2.1}{Kinematics}{section.2}% 5
\BOOKMARK [2][-]{subsection.2.2}{Hard and soft collisions}{section.2}% 6
\BOOKMARK [2][-]{subsection.2.3}{Radiation loss}{section.2}% 7
\BOOKMARK [2][-]{subsection.2.4}{Range}{section.2}% 8
\BOOKMARK [2][-]{subsection.2.5}{Scattering}{section.2}% 9
\BOOKMARK [1][-]{section.3}{Neutrons}{}% 10
\BOOKMARK [1][-]{section.4}{Dosimetry concepts and ionometry}{}% 11
\BOOKMARK [2][-]{subsection.4.1}{Dosimetry methods}{section.4}% 12
\BOOKMARK [1][-]{section.5}{Cavity theory}{}% 13
=======
\BOOKMARK [2][-]{subsection.1.3}{Pair production}{section.1}% 4
\BOOKMARK [2][-]{subsection.1.4}{Attenuation}{section.1}% 5
\BOOKMARK [1][-]{section.2}{Charged particles}{}% 6
\BOOKMARK [1][-]{section.3}{Neutrons}{}% 7
\BOOKMARK [1][-]{section.4}{Quantities}{}% 8
>>>>>>> 6431a159281acbbd6fc5b0cde33d76c236105225
